[2018-11-24 14:30:47] erhan.ERROR: ошибка: Class 'R' not found, файл: D:\WebWorksPHP\hmdoll.ru\vendor\hmd\widgets\menu\Menu.php, строка: 92 [] []
[2018-11-24 14:32:56] erhan.ERROR: ошибка: Class 'R' not found, файл: D:\WebWorksPHP\hmdoll.ru\vendor\hmd\widgets\menu\Menu.php, строка: 92 [] []
[2018-11-24 14:33:03] erhan.ERROR: ошибка: Class 'R' not found, файл: D:\WebWorksPHP\hmdoll.ru\vendor\hmd\widgets\menu\Menu.php, строка: 92 [] []
[2018-11-25 03:27:02] erhan.ERROR: ошибка: Undefined property: vendor\hmd\core\base\View::$stylefile, файл: D:\WebWorksPHP\hmdoll.ru\app\views\layouts\default.php, строка: 17 [] []
[2018-11-25 03:29:06] erhan.ERROR: ошибка: Undefined property: vendor\hmd\core\base\View::$stylefile, файл: D:\WebWorksPHP\hmdoll.ru\app\views\layouts\default.php, строка: 18 [] []
[2018-11-25 03:31:24] erhan.ERROR: ошибка: include_once(D:\WebWorksPHP\hmdoll.ru\public/inc/mainstyle.inc): failed to open stream: No such file or directory, файл: D:\WebWorksPHP\hmdoll.ru\app\views\layouts\default.php, строка: 21 [] []
[2018-11-25 04:46:00] erhan.ERROR: ошибка: Call to undefined method vendor\hmd\core\base\View::cutStyle(), файл: D:\WebWorksPHP\hmdoll.ru\vendor\hmd\core\base\View.php, строка: 85 [] []
[2018-11-25 06:39:24] erhan.ERROR: ошибка: syntax error, unexpected 'empty' (T_EMPTY), expecting '(', файл: D:\WebWorksPHP\hmdoll.ru\app\models\Main.php, строка: 84 [] []
[2018-11-26 03:19:27] erhan.ERROR: ошибка: Array to string conversion, файл: D:\WebWorksPHP\hmdoll.ru\vendor\hmd\widgets\menu\Menu.php, строка: 92 [] []
[2018-11-26 03:21:48] erhan.ERROR: ошибка: Array to string conversion, файл: D:\WebWorksPHP\hmdoll.ru\vendor\hmd\widgets\menu\Menu.php, строка: 93 [] []
[2018-11-26 03:25:23] erhan.ERROR: ошибка: Array to string conversion, файл: D:\WebWorksPHP\hmdoll.ru\vendor\hmd\widgets\menu\Menu.php, строка: 93 [] []
[2018-11-28 11:16:19] erhan.ERROR: ошибка: Array to string conversion, файл: D:\WebWorksPHP\hmdoll.ru\app\views\Main\howtopay.php, строка: 5 [] []
[2018-11-28 13:52:47] erhan.ERROR: ошибка: Метод <b>app\controllers\MainController::patternsAction</b> не найден, файл: D:\WebWorksPHP\hmdoll.ru\vendor\hmd\core\Router.php, строка: 97 [] []
[2018-11-28 13:55:32] erhan.ERROR: ошибка: Class 'R' not found, файл: D:\WebWorksPHP\hmdoll.ru\vendor\hmd\widgets\menu\Menu.php, строка: 92 [] []
[2018-11-28 15:47:56] erhan.ERROR: ошибка: Undefined index: header, файл: D:\WebWorksPHP\hmdoll.ru\app\views\Main\items.php, строка: 8 [] []
[2018-11-28 15:48:53] erhan.ERROR: ошибка: Undefined index: header, файл: D:\WebWorksPHP\hmdoll.ru\app\views\Main\items.php, строка: 8 [] []
[2018-11-28 15:51:47] erhan.ERROR: ошибка: Undefined index: description, файл: D:\WebWorksPHP\hmdoll.ru\app\views\Main\items.php, строка: 9 [] []
[2018-11-28 15:56:14] erhan.ERROR: ошибка: Undefined offset: 0, файл: D:\WebWorksPHP\hmdoll.ru\app\views\Main\items.php, строка: 8 [] []
[2018-11-28 15:58:09] erhan.ERROR: ошибка: Метод <b>app\controllers\MainController::patternsAction</b> не найден, файл: D:\WebWorksPHP\hmdoll.ru\vendor\hmd\core\Router.php, строка: 97 [] []
[2018-11-28 15:58:26] erhan.ERROR: ошибка: Метод <b>app\controllers\MainController::patternsAction</b> не найден, файл: D:\WebWorksPHP\hmdoll.ru\vendor\hmd\core\Router.php, строка: 97 [] []
[2018-11-30 14:55:26] erhan.ERROR: ошибка: Метод <b>app\controllers\SlavkoController::itemsAction</b> не найден, файл: D:\WebWorksPHP\hmdoll.ru\vendor\hmd\core\Router.php, строка: 97 [] []
[2018-11-30 14:55:52] erhan.ERROR: ошибка: Identifier does not conform to RedBeanPHP security policies., файл: D:\WebWorksPHP\hmdoll.ru\vendor\hmd\libs\rb-mysql.php, строка: 5787 [] []
[2018-11-30 14:59:48] erhan.ERROR: ошибка: Identifier does not conform to RedBeanPHP security policies., файл: D:\WebWorksPHP\hmdoll.ru\vendor\hmd\libs\rb-mysql.php, строка: 5787 [] []
[2018-11-30 15:07:36] erhan.ERROR: ошибка: Undefined index: id, файл: D:\WebWorksPHP\hmdoll.ru\app\models\Slavko.php, строка: 27 [] []
[2018-11-30 15:08:16] erhan.ERROR: ошибка: Undefined index: id, файл: D:\WebWorksPHP\hmdoll.ru\app\models\Slavko.php, строка: 28 [] []
[2018-11-30 15:14:45] erhan.ERROR: ошибка: Undefined index: id, файл: D:\WebWorksPHP\hmdoll.ru\app\models\Slavko.php, строка: 28 [] []
[2018-12-01 02:37:08] erhan.ERROR: ошибка: Undefined variable: item_type, файл: D:\WebWorksPHP\hmdoll.ru\app\views\Slavko\items.php, строка: 9 [] []
[2018-12-01 02:47:31] erhan.ERROR: ошибка: Страница не найдена, файл: D:\WebWorksPHP\hmdoll.ru\vendor\hmd\core\Router.php, строка: 105 [] []
[2018-12-01 02:48:36] erhan.ERROR: ошибка: Контроллер <b>app\controllers\AddItemController</b> не найден, файл: D:\WebWorksPHP\hmdoll.ru\vendor\hmd\core\Router.php, строка: 102 [] []
[2018-12-01 02:49:37] erhan.ERROR: ошибка: Class 'R' not found, файл: D:\WebWorksPHP\hmdoll.ru\vendor\hmd\widgets\menu\Menu.php, строка: 92 [] []
[2018-12-01 05:27:53] erhan.ERROR: ошибка: syntax error, unexpected 'if' (T_IF), файл: D:\WebWorksPHP\hmdoll.ru\app\models\Slavko.php, строка: 39 [] []
[2018-12-01 05:28:52] erhan.ERROR: ошибка: syntax error, unexpected '=>' (T_DOUBLE_ARROW), файл: D:\WebWorksPHP\hmdoll.ru\app\models\Slavko.php, строка: 55 [] []
[2018-12-01 05:29:34] erhan.ERROR: ошибка: Invalid type: sw_images, файл: D:\WebWorksPHP\hmdoll.ru\vendor\hmd\libs\rb-mysql.php, строка: 13900 [] []
[2018-12-01 05:32:57] erhan.ERROR: ошибка: Invalid type: sw_images, файл: D:\WebWorksPHP\hmdoll.ru\vendor\hmd\libs\rb-mysql.php, строка: 13900 [] []
[2018-12-01 05:41:48] erhan.ERROR: ошибка: SQLSTATE[42S02]: Base table or view not found: 1146 Table 'hmdoll.articles' doesn't exist, файл: D:\WebWorksPHP\hmdoll.ru\vendor\hmd\libs\rb-mysql.php, строка: 768 [] []
[2018-12-01 05:48:37] erhan.ERROR: ошибка: Invalid argument supplied for foreach(), файл: D:\WebWorksPHP\hmdoll.ru\vendor\hmd\libs\rb-mysql.php, строка: 698 [] []
[2018-12-01 05:49:44] erhan.ERROR: ошибка: Undefined variable: images, файл: D:\WebWorksPHP\hmdoll.ru\app\models\Slavko.php, строка: 61 [] []
[2018-12-01 05:51:33] erhan.ERROR: ошибка: Invalid argument supplied for foreach(), файл: D:\WebWorksPHP\hmdoll.ru\vendor\hmd\libs\rb-mysql.php, строка: 698 [] []
[2018-12-01 05:52:49] erhan.ERROR: ошибка: Invalid argument supplied for foreach(), файл: D:\WebWorksPHP\hmdoll.ru\vendor\hmd\libs\rb-mysql.php, строка: 698 [] []
[2018-12-01 05:53:38] erhan.ERROR: ошибка: Invalid argument supplied for foreach(), файл: D:\WebWorksPHP\hmdoll.ru\vendor\hmd\libs\rb-mysql.php, строка: 698 [] []
[2018-12-01 05:53:41] erhan.ERROR: ошибка: Invalid argument supplied for foreach(), файл: D:\WebWorksPHP\hmdoll.ru\vendor\hmd\libs\rb-mysql.php, строка: 698 [] []
[2018-12-01 13:39:17] erhan.ERROR: ошибка: Illegal offset type, файл: D:\WebWorksPHP\hmdoll.ru\app\models\Slavko.php, строка: 43 [] []
[2018-12-01 13:43:41] erhan.ERROR: ошибка: Illegal offset type, файл: D:\WebWorksPHP\hmdoll.ru\app\models\Slavko.php, строка: 44 [] []
[2018-12-01 13:47:42] erhan.ERROR: ошибка: Illegal offset type, файл: D:\WebWorksPHP\hmdoll.ru\app\models\Slavko.php, строка: 43 [] []
[2018-12-01 13:48:47] erhan.ERROR: ошибка: Illegal offset type, файл: D:\WebWorksPHP\hmdoll.ru\app\models\Slavko.php, строка: 43 [] []
[2018-12-01 14:43:40] erhan.ERROR: ошибка: Illegal string offset 'id', файл: D:\WebWorksPHP\hmdoll.ru\app\views\Slavko\edit_item.php, строка: 18 [] []
[2018-12-01 14:46:31] erhan.ERROR: ошибка: Undefined index: articul, файл: D:\WebWorksPHP\hmdoll.ru\app\views\Slavko\edit_item.php, строка: 18 [] []
[2018-12-01 14:46:34] erhan.ERROR: ошибка: Undefined index: articul, файл: D:\WebWorksPHP\hmdoll.ru\app\views\Slavko\edit_item.php, строка: 18 [] []
[2018-12-01 14:48:03] erhan.ERROR: ошибка: Undefined index: , файл: D:\WebWorksPHP\hmdoll.ru\app\views\Slavko\edit_item.php, строка: 18 [] []
[2018-12-01 14:48:55] erhan.ERROR: ошибка: Undefined index: , файл: D:\WebWorksPHP\hmdoll.ru\app\views\Slavko\edit_item.php, строка: 20 [] []
[2018-12-01 14:50:02] erhan.ERROR: ошибка: Undefined index: , файл: D:\WebWorksPHP\hmdoll.ru\app\views\Slavko\edit_item.php, строка: 20 [] []
[2018-12-01 14:50:57] erhan.ERROR: ошибка: Undefined index: , файл: D:\WebWorksPHP\hmdoll.ru\app\views\Slavko\edit_item.php, строка: 19 [] []
[2018-12-01 14:52:17] erhan.ERROR: ошибка: Undefined index: , файл: D:\WebWorksPHP\hmdoll.ru\app\views\Slavko\edit_item.php, строка: 19 [] []
[2018-12-01 14:53:38] erhan.ERROR: ошибка: Undefined variable: artucules, файл: D:\WebWorksPHP\hmdoll.ru\app\views\Slavko\edit_item.php, строка: 7 [] []
[2018-12-01 14:53:53] erhan.ERROR: ошибка: Undefined index: , файл: D:\WebWorksPHP\hmdoll.ru\app\views\Slavko\edit_item.php, строка: 20 [] []
[2018-12-01 14:58:16] erhan.ERROR: ошибка: Undefined index: $item_id, файл: D:\WebWorksPHP\hmdoll.ru\app\views\Slavko\edit_item.php, строка: 5 [] []
[2018-12-01 14:58:43] erhan.ERROR: ошибка: Undefined index: $item_id, файл: D:\WebWorksPHP\hmdoll.ru\app\views\Slavko\edit_item.php, строка: 5 [] []
[2018-12-02 06:11:12] erhan.ERROR: ошибка: Undefined variable: dataset, файл: D:\WebWorksPHP\hmdoll.ru\app\views\Slavko\edit_item.php, строка: 3 [] []
[2018-12-02 06:11:32] erhan.ERROR: ошибка: Undefined variable: dataset, файл: D:\WebWorksPHP\hmdoll.ru\app\views\Slavko\edit_item.php, строка: 3 [] []
[2018-12-03 03:49:25] erhan.ERROR: ошибка: Страница не найдена, файл: D:\WebWorksPHP\hmdoll.ru\vendor\hmd\core\Router.php, строка: 105 [] []
[2018-12-03 10:08:27] erhan.ERROR: ошибка: Метод <b>app\controllers\SlavkoController::vocsAction</b> не найден, файл: D:\WebWorksPHP\hmdoll.ru\vendor\hmd\core\Router.php, строка: 97 [] []
[2018-12-03 10:08:41] erhan.ERROR: ошибка: Class 'R' not found, файл: D:\WebWorksPHP\hmdoll.ru\vendor\hmd\widgets\menu\Menu.php, строка: 92 [] []
[2018-12-03 11:03:59] erhan.ERROR: ошибка: Expected array, string given., файл: D:\WebWorksPHP\hmdoll.ru\vendor\hmd\libs\rb-mysql.php, строка: 8906 [] []
[2018-12-03 11:29:37] erhan.ERROR: ошибка: Undefined index: pass, файл: D:\WebWorksPHP\hmdoll.ru\app\models\Slavko.php, строка: 126 [] []
[2018-12-03 11:30:18] erhan.ERROR: ошибка: Trying to get property 'pass' of non-object, файл: D:\WebWorksPHP\hmdoll.ru\app\models\Slavko.php, строка: 126 [] []
[2018-12-03 11:33:35] erhan.ERROR: ошибка: Undefined index: ind, файл: D:\WebWorksPHP\hmdoll.ru\app\models\Slavko.php, строка: 128 [] []
[2018-12-03 11:34:06] erhan.ERROR: ошибка: Illegal offset type, файл: D:\WebWorksPHP\hmdoll.ru\app\models\Slavko.php, строка: 128 [] []
[2018-12-03 12:05:34] erhan.ERROR: ошибка: SQLSTATE[42S22]: Column not found: 1054 Unknown column 'menu' in 'where clause', файл: D:\WebWorksPHP\hmdoll.ru\vendor\hmd\libs\rb-mysql.php, строка: 768 [] []
[2018-12-03 12:06:43] erhan.ERROR: ошибка: SQLSTATE[42S22]: Column not found: 1054 Unknown column 'menu' in 'where clause', файл: D:\WebWorksPHP\hmdoll.ru\vendor\hmd\libs\rb-mysql.php, строка: 768 [] []
[2018-12-03 12:07:26] erhan.ERROR: ошибка: Array to string conversion, файл: D:\WebWorksPHP\hmdoll.ru\app\views\Slavko\items.php, строка: 4 [] []
[2018-12-04 03:47:28] erhan.ERROR: ошибка: Страница не найдена, файл: D:\WebWorksPHP\hmdoll.ru\vendor\hmd\core\Router.php, строка: 105 [] []
[2018-12-04 07:28:25] erhan.ERROR: ошибка: Class 'R' not found, файл: D:\WebWorksPHP\hmdoll.ru\vendor\hmd\widgets\menu\Menu.php, строка: 92 [] []
[2018-12-04 07:30:39] erhan.ERROR: ошибка: Class 'R' not found, файл: D:\WebWorksPHP\hmdoll.ru\vendor\hmd\widgets\menu\Menu.php, строка: 92 [] []
[2018-12-04 07:31:46] erhan.ERROR: ошибка: Class 'R' not found, файл: D:\WebWorksPHP\hmdoll.ru\vendor\hmd\widgets\menu\Menu.php, строка: 92 [] []
[2018-12-04 10:09:12] erhan.ERROR: ошибка: Class 'R' not found, файл: D:\WebWorksPHP\hmdoll.ru\vendor\hmd\widgets\menu\Menu.php, строка: 92 [] []
[2018-12-04 10:11:25] erhan.ERROR: ошибка: Class 'R' not found, файл: D:\WebWorksPHP\hmdoll.ru\vendor\hmd\widgets\menu\Menu.php, строка: 92 [] []
[2018-12-04 10:11:44] erhan.ERROR: ошибка: Class 'R' not found, файл: D:\WebWorksPHP\hmdoll.ru\vendor\hmd\widgets\menu\Menu.php, строка: 92 [] []
[2018-12-04 10:28:02] erhan.ERROR: ошибка: Class 'R' not found, файл: D:\WebWorksPHP\hmdoll.ru\vendor\hmd\widgets\menu\Menu.php, строка: 92 [] []
[2018-12-04 10:29:20] erhan.ERROR: ошибка: Class 'R' not found, файл: D:\WebWorksPHP\hmdoll.ru\vendor\hmd\widgets\menu\Menu.php, строка: 92 [] []
[2018-12-04 10:42:35] erhan.ERROR: ошибка: Call to undefined function app\controllers\getFileName(), файл: D:\WebWorksPHP\hmdoll.ru\app\controllers\SlavkoController.php, строка: 138 [] []
[2018-12-04 10:44:28] erhan.ERROR: ошибка: Class 'R' not found, файл: D:\WebWorksPHP\hmdoll.ru\vendor\hmd\widgets\menu\Menu.php, строка: 92 [] []
[2018-12-04 10:47:34] erhan.ERROR: ошибка: Class 'R' not found, файл: D:\WebWorksPHP\hmdoll.ru\vendor\hmd\widgets\menu\Menu.php, строка: 92 [] []
[2018-12-04 14:47:20] erhan.ERROR: ошибка: Class 'R' not found, файл: D:\WebWorksPHP\hmdoll.ru\vendor\hmd\widgets\menu\Menu.php, строка: 92 [] []
[2018-12-05 15:53:29] erhan.ERROR: ошибка: Страница не найдена, файл: D:\WebWorksPHP\hmdoll.ru\vendor\hmd\core\Router.php, строка: 105 [] []
[2018-12-05 16:03:27] erhan.ERROR: ошибка: Страница не найдена, файл: D:\WebWorksPHP\hmdoll.ru\vendor\hmd\core\Router.php, строка: 105 [] []
[2018-12-05 16:03:34] erhan.ERROR: ошибка: Страница не найдена, файл: D:\WebWorksPHP\hmdoll.ru\vendor\hmd\core\Router.php, строка: 105 [] []
[2018-12-05 16:07:29] erhan.ERROR: ошибка: Страница не найдена, файл: D:\WebWorksPHP\hmdoll.ru\vendor\hmd\core\Router.php, строка: 105 [] []
[2018-12-05 16:07:29] erhan.ERROR: ошибка: Страница не найдена, файл: D:\WebWorksPHP\hmdoll.ru\vendor\hmd\core\Router.php, строка: 105 [] []
[2018-12-05 16:07:38] erhan.ERROR: ошибка: Страница не найдена, файл: D:\WebWorksPHP\hmdoll.ru\vendor\hmd\core\Router.php, строка: 105 [] []
[2018-12-06 01:01:27] erhan.ERROR: ошибка: Страница не найдена, файл: D:\WebWorksPHP\hmdoll.ru\vendor\hmd\core\Router.php, строка: 105 [] []
[2018-12-06 01:05:32] erhan.ERROR: ошибка: Страница не найдена, файл: D:\WebWorksPHP\hmdoll.ru\vendor\hmd\core\Router.php, строка: 105 [] []
[2018-12-06 01:30:59] erhan.ERROR: ошибка: Страница не найдена, файл: D:\WebWorksPHP\hmdoll.ru\vendor\hmd\core\Router.php, строка: 105 [] []
[2018-12-06 01:31:13] erhan.ERROR: ошибка: Страница не найдена, файл: D:\WebWorksPHP\hmdoll.ru\vendor\hmd\core\Router.php, строка: 105 [] []
[2018-12-06 01:51:08] erhan.ERROR: ошибка: Class 'R' not found, файл: D:\WebWorksPHP\hmdoll.ru\vendor\hmd\widgets\menu\Menu.php, строка: 92 [] []
[2018-12-06 01:53:37] erhan.ERROR: ошибка: Class 'R' not found, файл: D:\WebWorksPHP\hmdoll.ru\vendor\hmd\widgets\menu\Menu.php, строка: 92 [] []
[2018-12-06 02:48:37] erhan.ERROR: ошибка: Function name must be a string, файл: D:\WebWorksPHP\hmdoll.ru\app\views\Slavko\edit_item.php, строка: 11 [] []
[2018-12-06 02:50:12] erhan.ERROR: ошибка: Function name must be a string, файл: D:\WebWorksPHP\hmdoll.ru\app\controllers\SlavkoController.php, строка: 79 [] []
[2018-12-06 02:52:40] erhan.ERROR: ошибка: Function name must be a string, файл: D:\WebWorksPHP\hmdoll.ru\app\views\Slavko\edit_item.php, строка: 11 [] []
[2018-12-06 02:58:12] erhan.ERROR: ошибка: Illegal offset type, файл: D:\WebWorksPHP\hmdoll.ru\app\models\Slavko.php, строка: 44 [] []
[2018-12-06 03:13:06] erhan.ERROR: ошибка: Undefined index: num, файл: D:\WebWorksPHP\hmdoll.ru\app\views\Slavko\edit_item.php, строка: 101 [] []
[2018-12-06 03:13:06] erhan.ERROR: ошибка: Страница не найдена, файл: D:\WebWorksPHP\hmdoll.ru\vendor\hmd\core\Router.php, строка: 105 [] []
[2018-12-06 03:13:39] erhan.ERROR: ошибка: Страница не найдена, файл: D:\WebWorksPHP\hmdoll.ru\vendor\hmd\core\Router.php, строка: 105 [] []
[2018-12-06 03:13:39] erhan.ERROR: ошибка: Страница не найдена, файл: D:\WebWorksPHP\hmdoll.ru\vendor\hmd\core\Router.php, строка: 105 [] []
[2018-12-06 03:13:39] erhan.ERROR: ошибка: Страница не найдена, файл: D:\WebWorksPHP\hmdoll.ru\vendor\hmd\core\Router.php, строка: 105 [] []
[2018-12-06 03:39:00] erhan.ERROR: ошибка: Illegal string offset 'file', файл: D:\WebWorksPHP\hmdoll.ru\app\views\Slavko\edit_item.php, строка: 109 [] []
[2018-12-06 03:40:38] erhan.ERROR: ошибка: Illegal string offset 'file', файл: D:\WebWorksPHP\hmdoll.ru\app\views\Slavko\edit_item.php, строка: 110 [] []
[2018-12-06 03:42:00] erhan.ERROR: ошибка: Illegal string offset 'file', файл: D:\WebWorksPHP\hmdoll.ru\app\views\Slavko\edit_item.php, строка: 110 [] []
[2018-12-06 03:42:15] erhan.ERROR: ошибка: Illegal string offset 'file', файл: D:\WebWorksPHP\hmdoll.ru\app\views\Slavko\edit_item.php, строка: 110 [] []
[2018-12-06 03:42:26] erhan.ERROR: ошибка: Illegal string offset 'file', файл: D:\WebWorksPHP\hmdoll.ru\app\views\Slavko\edit_item.php, строка: 110 [] []
[2018-12-06 03:43:32] erhan.ERROR: ошибка: Illegal string offset 'file', файл: D:\WebWorksPHP\hmdoll.ru\app\views\Slavko\edit_item.php, строка: 110 [] []
[2018-12-06 08:03:51] erhan.ERROR: ошибка: Undefined variable: _SESSION, файл: D:\WebWorksPHP\hmdoll.ru\app\controllers\SlavkoController.php, строка: 218 [] []
[2018-12-06 08:04:00] erhan.ERROR: ошибка: Undefined variable: _SESSION, файл: D:\WebWorksPHP\hmdoll.ru\app\controllers\SlavkoController.php, строка: 218 [] []
[2018-12-06 08:13:19] erhan.ERROR: ошибка: Undefined variable: _SESSION, файл: D:\WebWorksPHP\hmdoll.ru\app\controllers\SlavkoController.php, строка: 218 [] []
[2018-12-06 08:13:28] erhan.ERROR: ошибка: Undefined variable: _SESSION, файл: D:\WebWorksPHP\hmdoll.ru\app\controllers\SlavkoController.php, строка: 218 [] []
[2018-12-06 08:14:12] erhan.ERROR: ошибка: Undefined variable: _SESSION, файл: D:\WebWorksPHP\hmdoll.ru\app\controllers\SlavkoController.php, строка: 218 [] []
[2018-12-06 08:14:15] erhan.ERROR: ошибка: Undefined variable: _SESSION, файл: D:\WebWorksPHP\hmdoll.ru\app\controllers\SlavkoController.php, строка: 218 [] []
[2018-12-06 08:14:16] erhan.ERROR: ошибка: Undefined variable: _SESSION, файл: D:\WebWorksPHP\hmdoll.ru\app\controllers\SlavkoController.php, строка: 218 [] []
[2018-12-06 08:14:18] erhan.ERROR: ошибка: Undefined variable: _SESSION, файл: D:\WebWorksPHP\hmdoll.ru\app\controllers\SlavkoController.php, строка: 218 [] []
[2018-12-06 08:19:44] erhan.ERROR: ошибка: Undefined variable: _SESSION, файл: D:\WebWorksPHP\hmdoll.ru\app\controllers\SlavkoController.php, строка: 218 [] []
[2018-12-06 08:21:20] erhan.ERROR: ошибка: Class 'R' not found, файл: D:\WebWorksPHP\hmdoll.ru\vendor\hmd\widgets\menu\Menu.php, строка: 92 [] []
[2018-12-06 08:41:52] erhan.ERROR: ошибка: Undefined index: num, файл: D:\WebWorksPHP\hmdoll.ru\app\controllers\SlavkoController.php, строка: 218 [] []
[2018-12-06 08:43:55] erhan.ERROR: ошибка: Undefined index: num, файл: D:\WebWorksPHP\hmdoll.ru\app\controllers\SlavkoController.php, строка: 218 [] []
[2018-12-06 10:45:06] erhan.ERROR: ошибка: Undefined variable: _SESSION, файл: D:\WebWorksPHP\hmdoll.ru\app\controllers\SlavkoController.php, строка: 219 [] []
[2018-12-06 11:13:43] erhan.ERROR: ошибка: Use of undefined constant SID - assumed 'SID' (this will throw an Error in a future version of PHP), файл: D:\WebWorksPHP\hmdoll.ru\app\controllers\SlavkoController.php, строка: 220 [] []
[2018-12-06 11:13:46] erhan.ERROR: ошибка: Use of undefined constant SID - assumed 'SID' (this will throw an Error in a future version of PHP), файл: D:\WebWorksPHP\hmdoll.ru\app\controllers\SlavkoController.php, строка: 220 [] []
[2018-12-06 11:57:30] erhan.ERROR: ошибка: session_start(): Setting option 'session.name' failed, файл: D:\WebWorksPHP\hmdoll.ru\app\controllers\SlavkoController.php, строка: 220 [] []
[2018-12-06 12:07:49] erhan.ERROR: ошибка: Undefined index: images, файл: D:\WebWorksPHP\hmdoll.ru\app\controllers\SlavkoController.php, строка: 221 [] []
[2018-12-06 12:14:34] erhan.ERROR: ошибка: Array to string conversion, файл: D:\WebWorksPHP\hmdoll.ru\app\controllers\SlavkoController.php, строка: 224 [] []
[2018-12-06 13:58:03] erhan.ERROR: ошибка: Array to string conversion, файл: D:\WebWorksPHP\hmdoll.ru\app\controllers\SlavkoController.php, строка: 234 [] []
[2018-12-06 15:51:58] erhan.ERROR: ошибка: count(): Parameter must be an array or an object that implements Countable, файл: D:\WebWorksPHP\hmdoll.ru\app\controllers\SlavkoController.php, строка: 215 [] []
[2018-12-06 15:52:23] erhan.ERROR: ошибка: count(): Parameter must be an array or an object that implements Countable, файл: D:\WebWorksPHP\hmdoll.ru\app\controllers\SlavkoController.php, строка: 215 [] []
[2018-12-06 15:55:24] erhan.ERROR: ошибка: count(): Parameter must be an array or an object that implements Countable, файл: D:\WebWorksPHP\hmdoll.ru\app\controllers\SlavkoController.php, строка: 215 [] []
[2018-12-06 16:03:39] erhan.ERROR: ошибка: count(): Parameter must be an array or an object that implements Countable, файл: D:\WebWorksPHP\hmdoll.ru\app\controllers\SlavkoController.php, строка: 215 [] []
[2018-12-06 16:05:33] erhan.ERROR: ошибка: count(): Parameter must be an array or an object that implements Countable, файл: D:\WebWorksPHP\hmdoll.ru\app\controllers\SlavkoController.php, строка: 215 [] []
[2018-12-06 16:08:20] erhan.ERROR: ошибка: Undefined index: num, файл: D:\WebWorksPHP\hmdoll.ru\app\controllers\SlavkoController.php, строка: 235 [] []
[2018-12-07 03:06:21] erhan.ERROR: ошибка: Undefined index: tmp, файл: D:\WebWorksPHP\hmdoll.ru\app\controllers\SlavkoController.php, строка: 276 [] []
[2018-12-07 03:11:14] erhan.ERROR: ошибка: Undefined index: HTTP_REFERER, файл: D:\WebWorksPHP\hmdoll.ru\vendor\hmd\libs\functions.php, строка: 37 [] []
[2018-12-07 03:17:34] erhan.ERROR: ошибка: Страница не найдена, файл: D:\WebWorksPHP\hmdoll.ru\vendor\hmd\core\Router.php, строка: 105 [] []
[2018-12-07 11:04:00] erhan.ERROR: ошибка: Страница не найдена, файл: D:\WebWorksPHP\hmdoll.ru\vendor\hmd\core\Router.php, строка: 105 [] []
[2018-12-07 13:58:25] erhan.ERROR: ошибка: Undefined index: item, файл: D:\WebWorksPHP\hmdoll.ru\app\models\Slavko.php, строка: 172 [] []
[2018-12-07 14:08:04] erhan.ERROR: ошибка: Array to string conversion, файл: D:\WebWorksPHP\hmdoll.ru\app\controllers\SlavkoController.php, строка: 212 [] []
[2018-12-07 14:08:06] erhan.ERROR: ошибка: Array to string conversion, файл: D:\WebWorksPHP\hmdoll.ru\app\controllers\SlavkoController.php, строка: 212 [] []
[2018-12-07 14:09:18] erhan.ERROR: ошибка: Array to string conversion, файл: D:\WebWorksPHP\hmdoll.ru\app\controllers\SlavkoController.php, строка: 212 [] []
[2018-12-07 14:09:28] erhan.ERROR: ошибка: Undefined index: file, файл: D:\WebWorksPHP\hmdoll.ru\app\controllers\SlavkoController.php, строка: 174 [] []
[2018-12-07 14:14:40] erhan.ERROR: ошибка: Array to string conversion, файл: D:\WebWorksPHP\hmdoll.ru\app\controllers\SlavkoController.php, строка: 212 [] []
[2018-12-07 14:18:42] erhan.ERROR: ошибка: Array to string conversion, файл: D:\WebWorksPHP\hmdoll.ru\app\controllers\SlavkoController.php, строка: 212 [] []
[2018-12-07 14:19:36] erhan.ERROR: ошибка: Array to string conversion, файл: D:\WebWorksPHP\hmdoll.ru\app\controllers\SlavkoController.php, строка: 212 [] []
[2018-12-07 14:21:35] erhan.ERROR: ошибка: Контроллер <b>app\controllers\ImgController</b> не найден, файл: D:\WebWorksPHP\hmdoll.ru\vendor\hmd\core\Router.php, строка: 102 [] []
[2018-12-07 14:32:53] erhan.ERROR: ошибка: Контроллер <b>app\controllers\ImgController</b> не найден, файл: D:\WebWorksPHP\hmdoll.ru\vendor\hmd\core\Router.php, строка: 102 [] []
[2018-12-07 14:33:03] erhan.ERROR: ошибка: Контроллер <b>app\controllers\ImgController</b> не найден, файл: D:\WebWorksPHP\hmdoll.ru\vendor\hmd\core\Router.php, строка: 102 [] []
[2018-12-07 14:37:37] erhan.ERROR: ошибка: Use of undefined constant images - assumed 'images' (this will throw an Error in a future version of PHP), файл: D:\WebWorksPHP\hmdoll.ru\app\controllers\SlavkoController.php, строка: 218 [] []
[2018-12-07 14:38:32] erhan.ERROR: ошибка: Class 'R' not found, файл: D:\WebWorksPHP\hmdoll.ru\vendor\hmd\widgets\menu\Menu.php, строка: 92 [] []
[2018-12-07 14:38:40] erhan.ERROR: ошибка: Undefined offset: 0, файл: D:\WebWorksPHP\hmdoll.ru\app\controllers\SlavkoController.php, строка: 182 [] []
[2018-12-07 14:42:05] erhan.ERROR: ошибка: Class 'R' not found, файл: D:\WebWorksPHP\hmdoll.ru\vendor\hmd\widgets\menu\Menu.php, строка: 92 [] []
[2018-12-07 14:42:14] erhan.ERROR: ошибка: Undefined offset: 1, файл: D:\WebWorksPHP\hmdoll.ru\app\controllers\SlavkoController.php, строка: 183 [] []
[2018-12-07 14:57:49] erhan.ERROR: ошибка: Class 'R' not found, файл: D:\WebWorksPHP\hmdoll.ru\vendor\hmd\widgets\menu\Menu.php, строка: 92 [] []
[2018-12-07 14:57:57] erhan.ERROR: ошибка: Undefined index: item_id, файл: D:\WebWorksPHP\hmdoll.ru\app\controllers\SlavkoController.php, строка: 183 [] []
[2018-12-07 14:58:22] erhan.ERROR: ошибка: Class 'R' not found, файл: D:\WebWorksPHP\hmdoll.ru\vendor\hmd\widgets\menu\Menu.php, строка: 92 [] []
[2018-12-07 14:58:29] erhan.ERROR: ошибка: Undefined index: item_id, файл: D:\WebWorksPHP\hmdoll.ru\app\controllers\SlavkoController.php, строка: 183 [] []
[2018-12-07 15:15:41] erhan.ERROR: ошибка: Class 'R' not found, файл: D:\WebWorksPHP\hmdoll.ru\vendor\hmd\widgets\menu\Menu.php, строка: 92 [] []
[2018-12-07 16:08:00] erhan.ERROR: ошибка: Контроллер <b>app\controllers\ImgController</b> не найден, файл: D:\WebWorksPHP\hmdoll.ru\vendor\hmd\core\Router.php, строка: 102 [] []
[2018-12-07 16:28:37] erhan.ERROR: ошибка: Контроллер <b>app\controllers\ImgController</b> не найден, файл: D:\WebWorksPHP\hmdoll.ru\vendor\hmd\core\Router.php, строка: 102 [] []
[2018-12-07 16:28:39] erhan.ERROR: ошибка: Class 'R' not found, файл: D:\WebWorksPHP\hmdoll.ru\vendor\hmd\widgets\menu\Menu.php, строка: 92 [] []
[2018-12-07 16:30:35] erhan.ERROR: ошибка: Class 'R' not found, файл: D:\WebWorksPHP\hmdoll.ru\vendor\hmd\widgets\menu\Menu.php, строка: 92 [] []
[2018-12-07 16:30:49] erhan.ERROR: ошибка: SQLSTATE[42S22]: Column not found: 1054 Unknown column 'materials' in 'field list', файл: D:\WebWorksPHP\hmdoll.ru\vendor\hmd\libs\rb-mysql.php, строка: 768 [] []
[2018-12-07 16:37:09] erhan.ERROR: ошибка: Class 'R' not found, файл: D:\WebWorksPHP\hmdoll.ru\vendor\hmd\widgets\menu\Menu.php, строка: 92 [] []
[2018-12-07 16:37:31] erhan.ERROR: ошибка: Plugin 'dispence' does not exist, add this plugin using: R::ext('dispence'), файл: D:\WebWorksPHP\hmdoll.ru\vendor\hmd\libs\rb-mysql.php, строка: 13270 [] []
[2018-12-07 16:51:39] erhan.ERROR: ошибка: Class 'R' not found, файл: D:\WebWorksPHP\hmdoll.ru\vendor\hmd\widgets\menu\Menu.php, строка: 92 [] []
[2018-12-07 16:51:57] erhan.ERROR: ошибка: SQLSTATE[HY093]: Invalid parameter number: number of bound variables does not match number of tokens, файл: D:\WebWorksPHP\hmdoll.ru\vendor\hmd\libs\rb-mysql.php, строка: 768 [] []
[2018-12-07 16:54:43] erhan.ERROR: ошибка: Class 'R' not found, файл: D:\WebWorksPHP\hmdoll.ru\vendor\hmd\widgets\menu\Menu.php, строка: 92 [] []
[2018-12-07 16:56:12] erhan.ERROR: ошибка: Class 'R' not found, файл: D:\WebWorksPHP\hmdoll.ru\vendor\hmd\widgets\menu\Menu.php, строка: 92 [] []
[2018-12-07 17:27:19] erhan.ERROR: ошибка: SQLSTATE[42000]: Syntax error or access violation: 1064 You have an error in your SQL syntax; check the manual that corresponds to your MySQL server version for the right syntax to use near ')' at line 1, файл: D:\WebWorksPHP\hmdoll.ru\vendor\hmd\libs\rb-mysql.php, строка: 768 [] []
[2018-12-08 00:41:51] erhan.ERROR: ошибка: Class 'app\controllers\Slavko' not found, файл: D:\WebWorksPHP\hmdoll.ru\app\controllers\SlController.php, строка: 28 [] []
[2018-12-08 01:08:42] erhan.ERROR: ошибка: Страница не найдена, файл: D:\WebWorksPHP\hmdoll.ru\vendor\hmd\core\Router.php, строка: 105 [] []
[2018-12-09 04:44:14] erhan.ERROR: ошибка: Метод <b>app\controllers\SlavkoController::editpagesAction</b> не найден, файл: D:\WebWorksPHP\hmdoll.ru\vendor\hmd\core\Router.php, строка: 97 [] []
[2018-12-09 04:56:35] erhan.ERROR: ошибка: Undefined variable: model, файл: D:\WebWorksPHP\hmdoll.ru\app\controllers\SlavkoController.php, строка: 191 [] []
[2018-12-09 04:58:16] erhan.ERROR: ошибка: Undefined variable: fname, файл: D:\WebWorksPHP\hmdoll.ru\app\models\Slavko.php, строка: 172 [] []
[2018-12-09 05:00:16] erhan.ERROR: ошибка: Undefined variable: fname, файл: D:\WebWorksPHP\hmdoll.ru\app\models\Slavko.php, строка: 172 [] []
[2018-12-09 05:04:49] erhan.ERROR: ошибка: Class 'app\models\Exception' not found, файл: D:\WebWorksPHP\hmdoll.ru\app\models\Slavko.php, строка: 172 [] []
[2018-12-09 05:05:26] erhan.ERROR: ошибка: Не удалось найти файл: , файл: D:\WebWorksPHP\hmdoll.ru\app\models\Slavko.php, строка: 172 [] []
[2018-12-09 05:11:55] erhan.ERROR: ошибка: Не удалось найти файл: , файл: D:\WebWorksPHP\hmdoll.ru\app\models\Slavko.php, строка: 172 [] []
[2018-12-09 05:23:15] erhan.ERROR: ошибка: Не удалось найти файл: , файл: D:\WebWorksPHP\hmdoll.ru\app\models\Slavko.php, строка: 172 [] []
[2018-12-09 05:42:09] erhan.ERROR: ошибка: Страница не найдена, файл: D:\WebWorksPHP\hmdoll.ru\vendor\hmd\core\Router.php, строка: 105 [] []
[2018-12-09 07:26:55] erhan.ERROR: ошибка: Страница не найдена, файл: D:\WebWorksPHP\hmdoll.ru\vendor\hmd\core\Router.php, строка: 105 [] []
[2018-12-10 02:55:32] erhan.ERROR: ошибка: Страница не найдена, файл: D:\WebWorksPHP\hmdoll.ru\vendor\hmd\core\Router.php, строка: 105 [] []
[2018-12-10 09:12:16] erhan.ERROR: ошибка: Метод <b>app\controllers\PageController::viewAction</b> не найден, файл: D:\WebWorksPHP\hmdoll.ru\vendor\hmd\core\Router.php, строка: 97 [] []
[2018-12-10 09:14:03] erhan.ERROR: ошибка: Метод <b>app\controllers\PageController::viewAction</b> не найден, файл: D:\WebWorksPHP\hmdoll.ru\vendor\hmd\core\Router.php, строка: 97 [] []
[2018-12-10 10:00:36] erhan.ERROR: ошибка: Метод <b>app\controllers\PageController::viewAction</b> не найден, файл: D:\WebWorksPHP\hmdoll.ru\vendor\hmd\core\Router.php, строка: 97 [] []
[2018-12-10 10:08:36] erhan.ERROR: ошибка: Метод <b>app\controllers\PageController::headersAction</b> не найден, файл: D:\WebWorksPHP\hmdoll.ru\vendor\hmd\core\Router.php, строка: 97 [] []
[2018-12-10 10:08:47] erhan.ERROR: ошибка: Class 'app\controllers\Exception' not found, файл: D:\WebWorksPHP\hmdoll.ru\app\controllers\PageController.php, строка: 26 [] []
[2018-12-10 10:17:04] erhan.ERROR: ошибка: Undefined variable: page, файл: D:\WebWorksPHP\hmdoll.ru\app\views\Page\headers.php, строка: 3 [] []
[2018-12-10 10:18:11] erhan.ERROR: ошибка: Undefined variable: page, файл: D:\WebWorksPHP\hmdoll.ru\app\views\Page\headers.php, строка: 3 [] []
[2018-12-10 10:18:21] erhan.ERROR: ошибка: Undefined variable: page, файл: D:\WebWorksPHP\hmdoll.ru\app\views\Page\headers.php, строка: 3 [] []
[2018-12-10 10:48:49] erhan.ERROR: ошибка: SQLSTATE[42S02]: Base table or view not found: 1146 Table 'hmdoll.pades' doesn't exist, файл: D:\WebWorksPHP\hmdoll.ru\vendor\hmd\libs\rb-mysql.php, строка: 768 [] []
[2018-12-10 11:25:55] erhan.ERROR: ошибка: Class 'R' not found, файл: D:\WebWorksPHP\hmdoll.ru\vendor\hmd\widgets\menu\Menu.php, строка: 92 [] []
[2018-12-10 11:33:48] erhan.ERROR: ошибка: Class 'R' not found, файл: D:\WebWorksPHP\hmdoll.ru\vendor\hmd\widgets\menu\Menu.php, строка: 92 [] []
[2018-12-10 11:34:50] erhan.ERROR: ошибка: Class 'R' not found, файл: D:\WebWorksPHP\hmdoll.ru\vendor\hmd\widgets\menu\Menu.php, строка: 92 [] []
[2018-12-10 11:36:31] erhan.ERROR: ошибка: Class 'R' not found, файл: D:\WebWorksPHP\hmdoll.ru\vendor\hmd\widgets\menu\Menu.php, строка: 92 [] []
[2018-12-10 11:59:55] erhan.ERROR: ошибка: SQLSTATE[HY093]: Invalid parameter number: parameter was not defined, файл: D:\WebWorksPHP\hmdoll.ru\vendor\hmd\libs\rb-mysql.php, строка: 768 [] []
[2018-12-10 13:27:35] erhan.ERROR: ошибка: Страница не найдена, файл: D:\WebWorksPHP\hmdoll.ru\vendor\hmd\core\Router.php, строка: 105 [] []
[2018-12-10 13:29:02] erhan.ERROR: ошибка: Страница не найдена, файл: D:\WebWorksPHP\hmdoll.ru\vendor\hmd\core\Router.php, строка: 105 [] []
[2018-12-12 03:22:00] erhan.ERROR: ошибка: Метод <b>app\controllers\MainController::showimageAction</b> не найден, файл: D:\WebWorksPHP\hmdoll.ru\vendor\hmd\core\Router.php, строка: 97 [] []
[2018-12-12 07:41:48] erhan.ERROR: ошибка: Use of undefined constant value - assumed 'value' (this will throw an Error in a future version of PHP), файл: D:\WebWorksPHP\hmdoll.ru\app\views\Main\index.php, строка: 17 [] []
[2018-12-12 07:42:44] erhan.ERROR: ошибка: Undefined index: active, файл: D:\WebWorksPHP\hmdoll.ru\app\views\Main\index.php, строка: 22 [] []
[2018-12-12 07:43:49] erhan.ERROR: ошибка: Undefined index:  active, файл: D:\WebWorksPHP\hmdoll.ru\app\views\Main\index.php, строка: 22 [] []
[2018-12-12 07:47:09] erhan.ERROR: ошибка: Undefined index:  active, файл: D:\WebWorksPHP\hmdoll.ru\app\views\Main\index.php, строка: 22 [] []
[2018-12-12 07:47:38] erhan.ERROR: ошибка: Undefined index:  active, файл: D:\WebWorksPHP\hmdoll.ru\app\views\Main\index.php, строка: 22 [] []
[2018-12-12 07:48:27] erhan.ERROR: ошибка: Undefined index:  active, файл: D:\WebWorksPHP\hmdoll.ru\app\views\Main\index.php, строка: 22 [] []
[2018-12-12 13:09:28] erhan.ERROR: ошибка: Call to undefined method app\models\Page::getHomePageItem(), файл: D:\WebWorksPHP\hmdoll.ru\app\controllers\PageController.php, строка: 64 [] []
[2018-12-13 04:28:53] erhan.ERROR: ошибка: Страница не найдена, файл: D:\WebWorksPHP\hmdoll.ru\vendor\hmd\core\Router.php, строка: 105 [] []
[2018-12-13 04:38:53] erhan.ERROR: ошибка: Страница не найдена, файл: D:\WebWorksPHP\hmdoll.ru\vendor\hmd\core\Router.php, строка: 105 [] []
[2018-12-13 08:18:38] erhan.ERROR: ошибка: Метод <b>app\controllers\MainController::mclassAction</b> не найден, файл: D:\WebWorksPHP\hmdoll.ru\vendor\hmd\core\Router.php, строка: 97 [] []
[2018-12-13 08:23:02] erhan.ERROR: ошибка: Метод <b>app\controllers\MainController::mclassAction</b> не найден, файл: D:\WebWorksPHP\hmdoll.ru\vendor\hmd\core\Router.php, строка: 97 [] []
[2018-12-13 08:23:31] erhan.ERROR: ошибка: Undefined offset: 0, файл: D:\WebWorksPHP\hmdoll.ru\app\models\Main.php, строка: 41 [] []
[2018-12-13 08:50:58] erhan.ERROR: ошибка: Страница не найдена, файл: D:\WebWorksPHP\hmdoll.ru\vendor\hmd\core\Router.php, строка: 105 [] []
[2018-12-13 08:54:09] erhan.ERROR: ошибка: Class 'R' not found, файл: D:\WebWorksPHP\hmdoll.ru\vendor\hmd\widgets\menu\Menu.php, строка: 92 [] []
[2018-12-13 16:26:46] erhan.ERROR: ошибка: Страница не найдена, файл: D:\WebWorksPHP\hmdoll.ru\vendor\hmd\core\Router.php, строка: 105 [] []
[2018-12-18 10:13:20] erhan.ERROR: ошибка: Страница не найдена, файл: /home/eugenie/www/hmdoll.ru/vendor/hmd/core/Router.php, строка: 105 [] []
[2018-12-18 10:13:20] erhan.ERROR: ошибка: Страница не найдена, файл: /home/eugenie/www/hmdoll.ru/vendor/hmd/core/Router.php, строка: 105 [] []
[2018-12-18 10:13:20] erhan.ERROR: ошибка: Страница не найдена, файл: /home/eugenie/www/hmdoll.ru/vendor/hmd/core/Router.php, строка: 105 [] []
[2018-12-18 10:13:20] erhan.ERROR: ошибка: Страница не найдена, файл: /home/eugenie/www/hmdoll.ru/vendor/hmd/core/Router.php, строка: 105 [] []
[2018-12-18 10:13:20] erhan.ERROR: ошибка: Страница не найдена, файл: /home/eugenie/www/hmdoll.ru/vendor/hmd/core/Router.php, строка: 105 [] []
[2018-12-18 10:13:20] erhan.ERROR: ошибка: Страница не найдена, файл: /home/eugenie/www/hmdoll.ru/vendor/hmd/core/Router.php, строка: 105 [] []
[2018-12-18 10:13:20] erhan.ERROR: ошибка: Страница не найдена, файл: /home/eugenie/www/hmdoll.ru/vendor/hmd/core/Router.php, строка: 105 [] []
[2018-12-18 10:13:20] erhan.ERROR: ошибка: Страница не найдена, файл: /home/eugenie/www/hmdoll.ru/vendor/hmd/core/Router.php, строка: 105 [] []
[2018-12-18 10:13:20] erhan.ERROR: ошибка: Страница не найдена, файл: /home/eugenie/www/hmdoll.ru/vendor/hmd/core/Router.php, строка: 105 [] []
[2018-12-18 10:18:51] erhan.ERROR: ошибка: Страница не найдена, файл: /home/eugenie/www/hmdoll.ru/vendor/hmd/core/Router.php, строка: 105 [] []
[2018-12-18 10:18:51] erhan.ERROR: ошибка: Страница не найдена, файл: /home/eugenie/www/hmdoll.ru/vendor/hmd/core/Router.php, строка: 105 [] []
[2018-12-18 10:18:51] erhan.ERROR: ошибка: Страница не найдена, файл: /home/eugenie/www/hmdoll.ru/vendor/hmd/core/Router.php, строка: 105 [] []
[2018-12-18 10:18:51] erhan.ERROR: ошибка: Страница не найдена, файл: /home/eugenie/www/hmdoll.ru/vendor/hmd/core/Router.php, строка: 105 [] []
[2018-12-18 10:18:51] erhan.ERROR: ошибка: Страница не найдена, файл: /home/eugenie/www/hmdoll.ru/vendor/hmd/core/Router.php, строка: 105 [] []
[2018-12-18 10:18:51] erhan.ERROR: ошибка: Страница не найдена, файл: /home/eugenie/www/hmdoll.ru/vendor/hmd/core/Router.php, строка: 105 [] []
[2018-12-18 10:18:51] erhan.ERROR: ошибка: Страница не найдена, файл: /home/eugenie/www/hmdoll.ru/vendor/hmd/core/Router.php, строка: 105 [] []
[2018-12-18 10:18:51] erhan.ERROR: ошибка: Страница не найдена, файл: /home/eugenie/www/hmdoll.ru/vendor/hmd/core/Router.php, строка: 105 [] []
[2018-12-18 10:18:51] erhan.ERROR: ошибка: Страница не найдена, файл: /home/eugenie/www/hmdoll.ru/vendor/hmd/core/Router.php, строка: 105 [] []
[2018-12-18 10:23:43] erhan.ERROR: ошибка: Метод <b>app\controllers\MainController::wWWAction</b> не найден, файл: /home/eugenie/www/hmdoll.ru/vendor/hmd/core/Router.php, строка: 97 [] []
[2018-12-18 10:23:43] erhan.ERROR: ошибка: Страница не найдена, файл: /home/eugenie/www/hmdoll.ru/vendor/hmd/core/Router.php, строка: 105 [] []
[2018-12-18 10:23:43] erhan.ERROR: ошибка: Страница не найдена, файл: /home/eugenie/www/hmdoll.ru/vendor/hmd/core/Router.php, строка: 105 [] []
[2018-12-18 10:23:43] erhan.ERROR: ошибка: Страница не найдена, файл: /home/eugenie/www/hmdoll.ru/vendor/hmd/core/Router.php, строка: 105 [] []
[2018-12-18 10:23:43] erhan.ERROR: ошибка: Страница не найдена, файл: /home/eugenie/www/hmdoll.ru/vendor/hmd/core/Router.php, строка: 105 [] []
[2018-12-18 10:23:43] erhan.ERROR: ошибка: Страница не найдена, файл: /home/eugenie/www/hmdoll.ru/vendor/hmd/core/Router.php, строка: 105 [] []
[2018-12-18 10:23:43] erhan.ERROR: ошибка: Страница не найдена, файл: /home/eugenie/www/hmdoll.ru/vendor/hmd/core/Router.php, строка: 105 [] []
[2018-12-18 10:25:20] erhan.ERROR: ошибка: Страница не найдена, файл: /home/eugenie/www/hmdoll.ru/vendor/hmd/core/Router.php, строка: 105 [] []
[2018-12-18 10:25:20] erhan.ERROR: ошибка: Страница не найдена, файл: /home/eugenie/www/hmdoll.ru/vendor/hmd/core/Router.php, строка: 105 [] []
[2018-12-18 10:25:20] erhan.ERROR: ошибка: Страница не найдена, файл: /home/eugenie/www/hmdoll.ru/vendor/hmd/core/Router.php, строка: 105 [] []
[2018-12-18 10:25:20] erhan.ERROR: ошибка: Страница не найдена, файл: /home/eugenie/www/hmdoll.ru/vendor/hmd/core/Router.php, строка: 105 [] []
[2018-12-18 10:25:20] erhan.ERROR: ошибка: Страница не найдена, файл: /home/eugenie/www/hmdoll.ru/vendor/hmd/core/Router.php, строка: 105 [] []
[2018-12-18 10:25:20] erhan.ERROR: ошибка: Страница не найдена, файл: /home/eugenie/www/hmdoll.ru/vendor/hmd/core/Router.php, строка: 105 [] []
[2018-12-18 10:25:20] erhan.ERROR: ошибка: Страница не найдена, файл: /home/eugenie/www/hmdoll.ru/vendor/hmd/core/Router.php, строка: 105 [] []
[2018-12-18 10:25:20] erhan.ERROR: ошибка: Страница не найдена, файл: /home/eugenie/www/hmdoll.ru/vendor/hmd/core/Router.php, строка: 105 [] []
[2018-12-18 10:25:20] erhan.ERROR: ошибка: Страница не найдена, файл: /home/eugenie/www/hmdoll.ru/vendor/hmd/core/Router.php, строка: 105 [] []
[2018-12-18 10:34:19] erhan.ERROR: ошибка: Страница не найдена, файл: /home/eugenie/www/hmdoll.ru/vendor/hmd/core/Router.php, строка: 105 [] []
[2018-12-18 10:34:19] erhan.ERROR: ошибка: Страница не найдена, файл: /home/eugenie/www/hmdoll.ru/vendor/hmd/core/Router.php, строка: 105 [] []
[2018-12-18 10:34:19] erhan.ERROR: ошибка: Страница не найдена, файл: /home/eugenie/www/hmdoll.ru/vendor/hmd/core/Router.php, строка: 105 [] []
[2018-12-18 10:34:19] erhan.ERROR: ошибка: Страница не найдена, файл: /home/eugenie/www/hmdoll.ru/vendor/hmd/core/Router.php, строка: 105 [] []
[2018-12-18 10:34:19] erhan.ERROR: ошибка: Страница не найдена, файл: /home/eugenie/www/hmdoll.ru/vendor/hmd/core/Router.php, строка: 105 [] []
[2018-12-18 10:34:19] erhan.ERROR: ошибка: Страница не найдена, файл: /home/eugenie/www/hmdoll.ru/vendor/hmd/core/Router.php, строка: 105 [] []
[2018-12-18 10:34:19] erhan.ERROR: ошибка: Страница не найдена, файл: /home/eugenie/www/hmdoll.ru/vendor/hmd/core/Router.php, строка: 105 [] []
[2018-12-18 10:34:19] erhan.ERROR: ошибка: Страница не найдена, файл: /home/eugenie/www/hmdoll.ru/vendor/hmd/core/Router.php, строка: 105 [] []
[2018-12-18 10:34:19] erhan.ERROR: ошибка: Страница не найдена, файл: /home/eugenie/www/hmdoll.ru/vendor/hmd/core/Router.php, строка: 105 [] []
[2018-12-18 10:35:54] erhan.ERROR: ошибка: Страница не найдена, файл: /home/eugenie/www/hmdoll.ru/vendor/hmd/core/Router.php, строка: 105 [] []
[2018-12-18 10:36:00] erhan.ERROR: ошибка: Страница не найдена, файл: /home/eugenie/www/hmdoll.ru/vendor/hmd/core/Router.php, строка: 105 [] []
[2018-12-18 10:36:00] erhan.ERROR: ошибка: Страница не найдена, файл: /home/eugenie/www/hmdoll.ru/vendor/hmd/core/Router.php, строка: 105 [] []
[2018-12-18 10:36:00] erhan.ERROR: ошибка: Страница не найдена, файл: /home/eugenie/www/hmdoll.ru/vendor/hmd/core/Router.php, строка: 105 [] []
[2018-12-18 10:36:00] erhan.ERROR: ошибка: Страница не найдена, файл: /home/eugenie/www/hmdoll.ru/vendor/hmd/core/Router.php, строка: 105 [] []
[2018-12-18 10:36:00] erhan.ERROR: ошибка: Страница не найдена, файл: /home/eugenie/www/hmdoll.ru/vendor/hmd/core/Router.php, строка: 105 [] []
[2018-12-18 10:36:00] erhan.ERROR: ошибка: Страница не найдена, файл: /home/eugenie/www/hmdoll.ru/vendor/hmd/core/Router.php, строка: 105 [] []
[2018-12-18 10:36:00] erhan.ERROR: ошибка: Страница не найдена, файл: /home/eugenie/www/hmdoll.ru/vendor/hmd/core/Router.php, строка: 105 [] []
[2018-12-18 10:36:00] erhan.ERROR: ошибка: Страница не найдена, файл: /home/eugenie/www/hmdoll.ru/vendor/hmd/core/Router.php, строка: 105 [] []
[2018-12-18 10:36:00] erhan.ERROR: ошибка: Страница не найдена, файл: /home/eugenie/www/hmdoll.ru/vendor/hmd/core/Router.php, строка: 105 [] []
[2018-12-18 10:36:00] erhan.ERROR: ошибка: Страница не найдена, файл: /home/eugenie/www/hmdoll.ru/vendor/hmd/core/Router.php, строка: 105 [] []
[2018-12-18 10:36:05] erhan.ERROR: ошибка: Страница не найдена, файл: /home/eugenie/www/hmdoll.ru/vendor/hmd/core/Router.php, строка: 105 [] []
[2018-12-18 10:36:05] erhan.ERROR: ошибка: Страница не найдена, файл: /home/eugenie/www/hmdoll.ru/vendor/hmd/core/Router.php, строка: 105 [] []
[2018-12-18 10:37:01] erhan.ERROR: ошибка: move_uploaded_file(/home/eugenie/www/hmdoll.ru/public/img/band01.jpg): failed to open stream: Permission denied, файл: /home/eugenie/www/hmdoll.ru/app/controllers/PageController.php, строка: 97 [] []
[2018-12-18 10:38:24] erhan.ERROR: ошибка: move_uploaded_file(/home/eugenie/www/hmdoll.ru/public/img/band01.jpg): failed to open stream: Permission denied, файл: /home/eugenie/www/hmdoll.ru/app/controllers/PageController.php, строка: 97 [] []
[2018-12-18 10:48:13] erhan.ERROR: ошибка: Страница не найдена, файл: /home/eugenie/www/hmdoll.ru/vendor/hmd/core/Router.php, строка: 105 [] []
[2018-12-18 10:48:13] erhan.ERROR: ошибка: Страница не найдена, файл: /home/eugenie/www/hmdoll.ru/vendor/hmd/core/Router.php, строка: 105 [] []
[2018-12-18 10:48:13] erhan.ERROR: ошибка: Страница не найдена, файл: /home/eugenie/www/hmdoll.ru/vendor/hmd/core/Router.php, строка: 105 [] []
[2018-12-18 10:54:06] erhan.ERROR: ошибка: move_uploaded_file(/home/eugenie/www/hmdoll.ru/public/img/band01.jpg): failed to open stream: Permission denied, файл: /home/eugenie/www/hmdoll.ru/app/controllers/PageController.php, строка: 97 [] []
[2018-12-18 10:54:26] erhan.ERROR: ошибка: Страница не найдена, файл: /home/eugenie/www/hmdoll.ru/vendor/hmd/core/Router.php, строка: 105 [] []
[2018-12-18 10:54:26] erhan.ERROR: ошибка: Страница не найдена, файл: /home/eugenie/www/hmdoll.ru/vendor/hmd/core/Router.php, строка: 105 [] []
[2018-12-18 10:54:26] erhan.ERROR: ошибка: Страница не найдена, файл: /home/eugenie/www/hmdoll.ru/vendor/hmd/core/Router.php, строка: 105 [] []
[2018-12-18 10:54:26] erhan.ERROR: ошибка: Страница не найдена, файл: /home/eugenie/www/hmdoll.ru/vendor/hmd/core/Router.php, строка: 105 [] []
[2018-12-18 10:54:26] erhan.ERROR: ошибка: Страница не найдена, файл: /home/eugenie/www/hmdoll.ru/vendor/hmd/core/Router.php, строка: 105 [] []
[2018-12-18 10:54:26] erhan.ERROR: ошибка: Страница не найдена, файл: /home/eugenie/www/hmdoll.ru/vendor/hmd/core/Router.php, строка: 105 [] []
[2018-12-18 10:54:26] erhan.ERROR: ошибка: Страница не найдена, файл: /home/eugenie/www/hmdoll.ru/vendor/hmd/core/Router.php, строка: 105 [] []
[2018-12-18 10:54:26] erhan.ERROR: ошибка: Страница не найдена, файл: /home/eugenie/www/hmdoll.ru/vendor/hmd/core/Router.php, строка: 105 [] []
[2018-12-18 10:54:26] erhan.ERROR: ошибка: Страница не найдена, файл: /home/eugenie/www/hmdoll.ru/vendor/hmd/core/Router.php, строка: 105 [] []
[2018-12-18 10:54:26] erhan.ERROR: ошибка: Страница не найдена, файл: /home/eugenie/www/hmdoll.ru/vendor/hmd/core/Router.php, строка: 105 [] []
[2018-12-18 10:54:36] erhan.ERROR: ошибка: Страница не найдена, файл: /home/eugenie/www/hmdoll.ru/vendor/hmd/core/Router.php, строка: 105 [] []
[2018-12-18 10:54:37] erhan.ERROR: ошибка: Страница не найдена, файл: /home/eugenie/www/hmdoll.ru/vendor/hmd/core/Router.php, строка: 105 [] []
[2018-12-18 10:54:53] erhan.ERROR: ошибка: move_uploaded_file(/home/eugenie/www/hmdoll.ru/public/img/shp04.jpg): failed to open stream: Permission denied, файл: /home/eugenie/www/hmdoll.ru/app/controllers/SlavkoController.php, строка: 212 [] []
[2018-12-23 16:40:45] erhan.ERROR: ошибка: Метод <b>app\controllers\SlavkoController::itemsAction</b> не найден, файл: /home/eugenie/www/hmdoll.ru/vendor/hmd/core/Router.php, строка: 97 [] []
[2018-12-23 16:43:51] erhan.ERROR: ошибка: Метод <b>app\controllers\SlavkoController::itemsAction</b> не найден, файл: /home/eugenie/www/hmdoll.ru/vendor/hmd/core/Router.php, строка: 97 [] []
[2018-12-23 17:23:07] erhan.ERROR: ошибка: Class 'app\controllers\Slavko' not found, файл: /home/eugenie/www/hmdoll.ru/app/controllers/VocsController.php, строка: 24 [] []
[2018-12-23 17:26:16] erhan.ERROR: ошибка: Страница не найдена, файл: /home/eugenie/www/hmdoll.ru/vendor/hmd/core/Router.php, строка: 105 [] []
[2018-12-27 18:02:16] erhan.ERROR: ошибка: Страница не найдена, файл: /home/eugenie/www/hmdoll.ru/vendor/hmd/core/Router.php, строка: 105 [] []
[2018-12-27 18:30:45] erhan.ERROR: ошибка: Undefined index: file, файл: /home/eugenie/www/hmdoll.ru/app/views/Items/edit_item.php, строка: 144 [] []
[2018-12-27 19:19:42] erhan.ERROR: ошибка: Undefined index: file, файл: /home/eugenie/www/hmdoll.ru/app/controllers/ItemsController.php, строка: 172 [] []
[2018-12-27 19:24:29] erhan.ERROR: ошибка: Undefined index: vfile, файл: /home/eugenie/www/hmdoll.ru/app/controllers/ItemsController.php, строка: 172 [] []
[2018-12-27 19:55:34] erhan.ERROR: ошибка: move_uploaded_file(/home/eugenie/www/hmdoll.ru/public/video/thanks.jpg): failed to open stream: Permission denied, файл: /home/eugenie/www/hmdoll.ru/app/controllers/ItemsController.php, строка: 176 [] []
[2018-12-27 19:56:06] erhan.ERROR: ошибка: move_uploaded_file(/home/eugenie/www/hmdoll.ru/public/video/shp04.jpg): failed to open stream: Permission denied, файл: /home/eugenie/www/hmdoll.ru/app/controllers/ItemsController.php, строка: 176 [] []
